<?xml version="1.0" encoding="UTF-8"?>
<beans xmlns="http://www.springframework.org/schema/beans"
	xmlns:xsi="http://www.w3.org/2001/XMLSchema-instance"
	xmlns:context="http://www.springframework.org/schema/context"
	xmlns:util="http://www.springframework.org/schema/util"
	xmlns:aop="http://www.springframework.org/schema/aop"
	xsi:schemaLocation="http://www.springframework.org/schema/beans http://www.springframework.org/schema/beans/spring-beans-3.0.xsd
		http://www.springframework.org/schema/util http://www.springframework.org/schema/util/spring-util-3.0.xsd
		http://www.springframework.org/schema/aop http://www.springframework.org/schema/aop/spring-aop-3.0.xsd
		http://www.springframework.org/schema/context http://www.springframework.org/schema/context/spring-context-3.0.xsd">
	
	
	<context:component-scan base-package="com.myproject.spring5" />
	
	<bean id="jcoProps" class="org.springframework.beans.factory.config.PropertiesFactoryBean">
 		<property name="properties">
 			<props>
 				<prop key="jco.client.client">비밀</prop>
 				<prop key="jco.client.ashost">비밀</prop>
 				<prop key="jco.client.sysnr">비밀</prop>
 				<prop key="jco.client.user">비밀</prop>
 				<prop key="jco.client.passwd">비밀</prop>
 				<prop key="jco.pool.name">비밀</prop>
 				<prop key="jco.client.lang">비밀</prop>
 			</props>
 		</property>	
 	</bean>
 	
 	<bean id="sapConnector" class="com.spring5.sample.jco.util.SapConnector">
		<constructor-arg ref="jcoProps"/>
	</bean>
	
	<bean id="sapService" class="com.spring5.sample.jco.service.SAPServiceImpl">
		<constructor-arg ref="sapConnector"></constructor-arg>
	</bean>
</beans>
